17:28:36.940 INFO [main] org.lenskit.cli.Main: Starting LensKit 3.0-M2 on Java 1.8.0_92 from Oracle Corporation
17:28:36.974 DEBUG [main] org.lenskit.LenskitInfo: have 5655 active revisions
17:28:36.991 DEBUG [main] org.lenskit.cli.Main: Built from Git revision 0c68ad209f38816e66497a656f777a3c1484778d
17:28:36.992 DEBUG [main] org.lenskit.cli.Main: Using VM 'Java HotSpot(TM) 64-Bit Server VM' version 25.92-b14 from Oracle Corporation
17:28:36.992 INFO [main] org.lenskit.cli.Main: Have 4 processors and heap limit of 3616 MiB
17:28:37.008 INFO [main] org.lenskit.cli.util.RecommenderLoader: creating fresh recommender
17:28:37.394 INFO [main] org.lenskit.config.ConfigurationLoader: loading script from file:/C:/Users/Dennis/Desktop/svd-assignment/etc/svd.groovy
17:28:37.845 INFO [main] org.lenskit.config.ConfigurationLoader: loading script from file:/C:/Users/Dennis/Desktop/svd-assignment/etc/item-bias.groovy
17:28:38.133 DEBUG [main] org.lenskit.data.dao.file.TextEntitySource: loading source ratings with base URI file:/C:/Users/Dennis/Desktop/svd-assignment/data/movielens.yml
17:28:38.134 DEBUG [main] org.lenskit.data.dao.file.TextEntitySource: resolved file URI: file:/C:/Users/Dennis/Desktop/svd-assignment/data/ratings.csv
17:28:38.145 INFO [main] org.lenskit.data.dao.file.TextEntitySource: loading text file source ratings to read from file:/C:/Users/Dennis/Desktop/svd-assignment/data/ratings.csv
17:28:38.150 DEBUG [main] org.lenskit.data.dao.file.TextEntitySource: ratings: using delimiter ,
17:28:38.151 DEBUG [main] org.lenskit.data.dao.file.TextEntitySource: ratings: reading header
17:28:38.151 DEBUG [main] org.lenskit.data.dao.file.TextEntitySource: ratings: reading entities of type EntityType[rating]
17:28:38.201 DEBUG [main] org.lenskit.data.dao.file.TextEntitySource: class org.lenskit.data.ratings.RatingBuilder: using entity builder {}
17:28:38.201 DEBUG [main] org.lenskit.data.dao.file.TextEntitySource: loading source movies with base URI file:/C:/Users/Dennis/Desktop/svd-assignment/data/movielens.yml
17:28:38.201 DEBUG [main] org.lenskit.data.dao.file.TextEntitySource: resolved file URI: file:/C:/Users/Dennis/Desktop/svd-assignment/data/movies.csv
17:28:38.201 INFO [main] org.lenskit.data.dao.file.TextEntitySource: loading text file source movies to read from file:/C:/Users/Dennis/Desktop/svd-assignment/data/movies.csv
17:28:38.202 DEBUG [main] org.lenskit.data.dao.file.TextEntitySource: movies: using delimiter ,
17:28:38.202 DEBUG [main] org.lenskit.data.dao.file.TextEntitySource: movies: reading header
17:28:38.202 DEBUG [main] org.lenskit.data.dao.file.TextEntitySource: movies: reading entities of type EntityType[item]
17:28:38.202 DEBUG [main] org.lenskit.data.dao.file.TextEntitySource: class org.lenskit.data.entities.BasicEntityBuilder: using entity builder {}
17:28:38.202 DEBUG [main] org.lenskit.data.dao.file.TextEntitySource: loading source tags with base URI file:/C:/Users/Dennis/Desktop/svd-assignment/data/movielens.yml
17:28:38.202 DEBUG [main] org.lenskit.data.dao.file.TextEntitySource: resolved file URI: file:/C:/Users/Dennis/Desktop/svd-assignment/data/tags.csv
17:28:38.203 INFO [main] org.lenskit.data.dao.file.TextEntitySource: loading text file source tags to read from file:/C:/Users/Dennis/Desktop/svd-assignment/data/tags.csv
17:28:38.203 DEBUG [main] org.lenskit.data.dao.file.TextEntitySource: tags: using delimiter ,
17:28:38.203 DEBUG [main] org.lenskit.data.dao.file.TextEntitySource: tags: reading header
17:28:38.203 DEBUG [main] org.lenskit.data.dao.file.TextEntitySource: tags: reading entities of type EntityType[item-tag]
17:28:38.204 DEBUG [main] org.lenskit.data.dao.file.TextEntitySource: class org.lenskit.data.entities.BasicEntityBuilder: using entity builder {}
17:28:38.213 DEBUG [main] org.lenskit.LenskitRecommenderEngineBuilder: building graph from 4 configurations
17:28:38.320 DEBUG [main] org.lenskit.inject.RecommenderInstantiator: replacing nodes in graph with 16 nodes
17:28:38.327 DEBUG [main] org.lenskit.inject.RecommenderInstantiator: found 7 shared nodes
17:28:42.362 INFO [main] org.lenskit.data.dao.file.StaticDataSource: deriving entity type EntityType[user] from EntityType[rating] (column TypedName[user: long])
17:28:42.572 INFO [main] org.lenskit.data.dao.file.StaticDataSource: deriving entity type EntityType[item] from EntityType[rating] (column TypedName[item: long])
17:28:42.672 DEBUG [main] org.lenskit.data.entities.EntityCollectionBuilder: built collection of 2500 entities with type EntityType[item] and 2 indexes
17:28:42.706 DEBUG [main] org.lenskit.data.entities.EntityCollectionBuilder: built collection of 264505 entities with type EntityType[rating] and 2 indexes
17:28:42.722 DEBUG [main] org.lenskit.data.entities.EntityCollectionBuilder: built collection of 94875 entities with type EntityType[item-tag] and 2 indexes
17:28:42.722 DEBUG [main] org.lenskit.data.entities.EntityCollectionBuilder: built collection of 862 entities with type EntityType[user] and 2 indexes
17:28:42.858 INFO [main] org.lenskit.data.ratings.RatingSummaryProvider: summarized 2500 items with 264505 ratings
17:28:42.885 INFO [main] org.lenskit.mooc.svd.SVDModelBuilder: creating 862 by 2500 rating matrix
17:28:43.062 INFO [main] org.lenskit.mooc.svd.SVDModelBuilder: factorizing matrix
